Flow report for mbr_prova
Wed Nov 29 22:31:33 2023
Quartus II 64-Bit Version 13.1.0 Build 162 10/23/2013 SJ Web Edition


---------------------
; Table of Contents ;
---------------------
  1. Legal Notice
  2. Flow Summary
  3. Flow Settings
  4. Flow Non-Default Global Settings
  5. Flow Elapsed Time
  6. Flow OS Summary
  7. Flow Log
  8. Flow Messages
  9. Flow Suppressed Messages



----------------
; Legal Notice ;
----------------
Copyright (C) 1991-2013 Altera Corporation
Your use of Altera Corporation's design tools, logic functions 
and other software and tools, and its AMPP partner logic 
functions, and any output files from any of the foregoing 
(including device programming or simulation files), and any 
associated documentation or information are expressly subject 
to the terms and conditions of the Altera Program License 
Subscription Agreement, Altera MegaCore Function License 
Agreement, or other applicable license agreement, including, 
without limitation, that your use is for the sole purpose of 
programming logic devices manufactured by Altera and sold by 
Altera or its authorized distributors.  Please refer to the 
applicable agreement for further details.



+---------------------------------------------------------------------------------+
; Flow Summary                                                                    ;
+------------------------------------+--------------------------------------------+
; Flow Status                        ; Successful - Wed Nov 29 22:31:33 2023      ;
; Quartus II 64-Bit Version          ; 13.1.0 Build 162 10/23/2013 SJ Web Edition ;
; Revision Name                      ; mbr_prova                                  ;
; Top-level Entity Name              ; mbr_prova                                  ;
; Family                             ; Cyclone IV GX                              ;
; Total logic elements               ; 28 / 14,400 ( < 1 % )                      ;
;     Total combinational functions  ; 28 / 14,400 ( < 1 % )                      ;
;     Dedicated logic registers      ; 0 / 14,400 ( 0 % )                         ;
; Total registers                    ; 0                                          ;
; Total pins                         ; 16 / 81 ( 20 % )                           ;
; Total virtual pins                 ; 0                                          ;
; Total memory bits                  ; 0 / 552,960 ( 0 % )                        ;
; Embedded Multiplier 9-bit elements ; 0                                          ;
; Total GXB Receiver Channel PCS     ; 0 / 2 ( 0 % )                              ;
; Total GXB Receiver Channel PMA     ; 0 / 2 ( 0 % )                              ;
; Total GXB Transmitter Channel PCS  ; 0 / 2 ( 0 % )                              ;
; Total GXB Transmitter Channel PMA  ; 0 / 2 ( 0 % )                              ;
; Total PLLs                         ; 0 / 3 ( 0 % )                              ;
; Device                             ; EP4CGX15BF14C6                             ;
; Timing Models                      ; Final                                      ;
+------------------------------------+--------------------------------------------+


+-----------------------------------------+
; Flow Settings                           ;
+-------------------+---------------------+
; Option            ; Setting             ;
+-------------------+---------------------+
; Start date & time ; 11/29/2023 12:21:56 ;
; Main task         ; Compilation         ;
; Revision Name     ; mbr_prova           ;
+-------------------+---------------------+


+--------------------------------------------------------------------------------------------------------------------------------------+
; Flow Non-Default Global Settings                                                                                                     ;
+-------------------------------------+-------------------------------------------------+---------------+-------------+----------------+
; Assignment Name                     ; Value                                           ; Default Value ; Entity Name ; Section Id     ;
+-------------------------------------+-------------------------------------------------+---------------+-------------+----------------+
; COMPILER_SIGNATURE_ID               ; 180720257645421.170127131603312                 ; --            ; --          ; --             ;
; EDA_GENERATE_FUNCTIONAL_NETLIST     ; On                                              ; --            ; --          ; eda_simulation ;
; EDA_NETLIST_WRITER_OUTPUT_DIR       ; C:/Users/aluno/Downloads/prova/simulation/qsim/ ; --            ; --          ; eda_simulation ;
; EDA_OUTPUT_DATA_FORMAT              ; Verilog Hdl                                     ; --            ; --          ; eda_simulation ;
; EDA_SIMULATION_TOOL                 ; ModelSim-Altera (Verilog)                       ; <None>        ; --          ; --             ;
; PARTITION_COLOR                     ; 16764057                                        ; --            ; --          ; Top            ;
; PARTITION_FITTER_PRESERVATION_LEVEL ; PLACEMENT_AND_ROUTING                           ; --            ; --          ; Top            ;
; PARTITION_NETLIST_TYPE              ; SOURCE                                          ; --            ; --          ; Top            ;
; PROJECT_OUTPUT_DIRECTORY            ; output_files                                    ; --            ; --          ; --             ;
+-------------------------------------+-------------------------------------------------+---------------+-------------+----------------+


+-------------------------------------------------------------------------------------------------------------------------------+
; Flow Elapsed Time                                                                                                             ;
+---------------------------+--------------+-------------------------+---------------------+------------------------------------+
; Module Name               ; Elapsed Time ; Average Processors Used ; Peak Virtual Memory ; Total CPU Time (on all processors) ;
+---------------------------+--------------+-------------------------+---------------------+------------------------------------+
; Analysis & Synthesis      ; 00:00:03     ; 1.0                     ; 4661 MB             ; 00:00:02                           ;
; Fitter                    ; 00:00:07     ; 1.0                     ; 5022 MB             ; 00:00:07                           ;
; Assembler                 ; 00:00:02     ; 1.0                     ; 4625 MB             ; 00:00:02                           ;
; TimeQuest Timing Analyzer ; 00:00:03     ; 1.0                     ; 4635 MB             ; 00:00:03                           ;
; EDA Netlist Writer        ; 00:00:01     ; 1.0                     ; 4576 MB             ; 00:00:01                           ;
; EDA Netlist Writer        ; 00:00:01     ; 1.0                     ; 4588 MB             ; 00:00:01                           ;
; EDA Netlist Writer        ; 00:00:01     ; 1.0                     ; 4588 MB             ; 00:00:01                           ;
; EDA Netlist Writer        ; 00:00:02     ; 1.0                     ; 4607 MB             ; 00:00:01                           ;
; EDA Netlist Writer        ; 00:00:01     ; 1.0                     ; 4607 MB             ; 00:00:01                           ;
; EDA Netlist Writer        ; 00:00:01     ; 1.0                     ; 4607 MB             ; 00:00:01                           ;
; EDA Netlist Writer        ; 00:00:01     ; 1.0                     ; 4607 MB             ; 00:00:01                           ;
; EDA Netlist Writer        ; 00:00:02     ; 1.0                     ; 4607 MB             ; 00:00:01                           ;
; EDA Netlist Writer        ; 00:00:01     ; 1.0                     ; 4607 MB             ; 00:00:01                           ;
; EDA Netlist Writer        ; 00:00:01     ; 1.0                     ; 4607 MB             ; 00:00:01                           ;
; EDA Netlist Writer        ; 00:00:01     ; 1.0                     ; 4607 MB             ; 00:00:01                           ;
; Total                     ; 00:00:28     ; --                      ; --                  ; 00:00:25                           ;
+---------------------------+--------------+-------------------------+---------------------+------------------------------------+


+----------------------------------------------------------------------------------------+
; Flow OS Summary                                                                        ;
+---------------------------+------------------+-----------+------------+----------------+
; Module Name               ; Machine Hostname ; OS Name   ; OS Version ; Processor type ;
+---------------------------+------------------+-----------+------------+----------------+
; Analysis & Synthesis      ; s-67-101-14      ; Windows 7 ; 6.2        ; x86_64         ;
; Fitter                    ; s-67-101-14      ; Windows 7 ; 6.2        ; x86_64         ;
; Assembler                 ; s-67-101-14      ; Windows 7 ; 6.2        ; x86_64         ;
; TimeQuest Timing Analyzer ; s-67-101-14      ; Windows 7 ; 6.2        ; x86_64         ;
; EDA Netlist Writer        ; s-67-101-14      ; Windows 7 ; 6.2        ; x86_64         ;
; EDA Netlist Writer        ; s-67-101-14      ; Windows 7 ; 6.2        ; x86_64         ;
; EDA Netlist Writer        ; s-67-101-14      ; Windows 7 ; 6.2        ; x86_64         ;
; EDA Netlist Writer        ; LAPTOP-DVEMEV3Q  ; Windows 7 ; 6.2        ; x86_64         ;
; EDA Netlist Writer        ; LAPTOP-DVEMEV3Q  ; Windows 7 ; 6.2        ; x86_64         ;
; EDA Netlist Writer        ; LAPTOP-DVEMEV3Q  ; Windows 7 ; 6.2        ; x86_64         ;
; EDA Netlist Writer        ; LAPTOP-DVEMEV3Q  ; Windows 7 ; 6.2        ; x86_64         ;
; EDA Netlist Writer        ; LAPTOP-DVEMEV3Q  ; Windows 7 ; 6.2        ; x86_64         ;
; EDA Netlist Writer        ; LAPTOP-DVEMEV3Q  ; Windows 7 ; 6.2        ; x86_64         ;
; EDA Netlist Writer        ; LAPTOP-DVEMEV3Q  ; Windows 7 ; 6.2        ; x86_64         ;
; EDA Netlist Writer        ; LAPTOP-DVEMEV3Q  ; Windows 7 ; 6.2        ; x86_64         ;
+---------------------------+------------------+-----------+------------+----------------+


------------
; Flow Log ;
------------
quartus_map --read_settings_files=on --write_settings_files=off mbr_prova -c mbr_prova
quartus_fit --read_settings_files=off --write_settings_files=off mbr_prova -c mbr_prova
quartus_asm --read_settings_files=off --write_settings_files=off mbr_prova -c mbr_prova
quartus_sta mbr_prova -c mbr_prova
quartus_eda --read_settings_files=off --write_settings_files=off mbr_prova -c mbr_prova
quartus_eda --gen_testbench --check_outputs=on --tool=modelsim_oem --format=verilog mbr_prova -c mbr_prova --vector_source=C:/Users/aluno/Downloads/prova/Waveform.vwf --testbench_file=C:/Users/aluno/Downloads/prova/simulation/qsim/Waveform.vwf.vt
quartus_eda --functional=on --flatten_buses=off --simulation=on --tool=modelsim_oem --format=verilog --output_directory=C:/Users/aluno/Downloads/prova/simulation/qsim/ mbr_prova -c mbr_prova
quartus_eda --gen_testbench --check_outputs=on --tool=modelsim_oem --format=verilog mbr_prova -c mbr_prova --vector_source=C:/Users/maxbo/Documentos/estudos/circuitos_digitais/prova/Waveform1.vwf --testbench_file=C:/Users/maxbo/Documentos/estudos/circuitos_digitais/prova/simulation/qsim/Waveform1.vwf.vt
quartus_eda --functional=on --flatten_buses=off --simulation=on --tool=modelsim_oem --format=verilog --output_directory=C:/Users/maxbo/Documentos/estudos/circuitos_digitais/prova/simulation/qsim/ mbr_prova -c mbr_prova
quartus_eda --gen_testbench --check_outputs=on --tool=modelsim_oem --format=verilog mbr_prova -c mbr_prova --vector_source=C:/Users/maxbo/Documentos/estudos/circuitos_digitais/prova/Waveform2.vwf --testbench_file=C:/Users/maxbo/Documentos/estudos/circuitos_digitais/prova/simulation/qsim/Waveform2.vwf.vt
quartus_eda --functional=on --flatten_buses=off --simulation=on --tool=modelsim_oem --format=verilog --output_directory=C:/Users/maxbo/Documentos/estudos/circuitos_digitais/prova/simulation/qsim/ mbr_prova -c mbr_prova
quartus_eda --gen_testbench --check_outputs=on --tool=modelsim_oem --format=verilog mbr_prova -c mbr_prova --vector_source=C:/Users/maxbo/Documentos/estudos/circuitos_digitais/prova/Waveform2.vwf --testbench_file=C:/Users/maxbo/Documentos/estudos/circuitos_digitais/prova/simulation/qsim/Waveform2.vwf.vt
quartus_eda --functional=on --flatten_buses=off --simulation=on --tool=modelsim_oem --format=verilog --output_directory=C:/Users/maxbo/Documentos/estudos/circuitos_digitais/prova/simulation/qsim/ mbr_prova -c mbr_prova
quartus_eda --gen_testbench --check_outputs=on --tool=modelsim_oem --format=verilog mbr_prova -c mbr_prova --vector_source=C:/Users/maxbo/Documentos/estudos/circuitos_digitais/prova/Waveform3.vwf --testbench_file=C:/Users/maxbo/Documentos/estudos/circuitos_digitais/prova/simulation/qsim/Waveform3.vwf.vt
quartus_eda --functional=on --flatten_buses=off --simulation=on --tool=modelsim_oem --format=verilog --output_directory=C:/Users/maxbo/Documentos/estudos/circuitos_digitais/prova/simulation/qsim/ mbr_prova -c mbr_prova



